# JRE version: Java(TM) SE Runtime Environment 18.9 (11.0.16+11) (build 11.0.16+11-LTS-199)
# Java VM: Java HotSpot(TM) 64-Bit Server VM 18.9 (11.0.16+11-LTS-199, mixed mode, tiered, compressed oops, g1 gc, windows-amd64)
Heap:
 garbage-first heap   total 157696K, used 20053K [0x0000000080000000, 0x0000000100000000)
  region size 1024K, 5 young (5120K), 5 survivors (5120K)
 Metaspace       used 29412K, capacity 30158K, committed 30464K, reserved 542720K
  class space    used 3967K, capacity 4249K, committed 4352K, reserved 516096K
GC Heap History (10 events):
Event: 0.475 GC heap after
{Heap after GC invocations=1 (full 0):
 garbage-first heap   total 131072K, used 3892K [0x0000000080000000, 0x0000000100000000)
  region size 1024K, 2 young (2048K), 2 survivors (2048K)
 Metaspace       used 6659K, capacity 6868K, committed 7168K, reserved 524288K
  class space    used 576K, capacity 650K, committed 768K, reserved 516096K
}
Event: 1.993 GC heap before
{Heap before GC invocations=1 (full 0):
 garbage-first heap   total 131072K, used 82740K [0x0000000080000000, 0x0000000100000000)
  region size 1024K, 76 young (77824K), 2 survivors (2048K)
 Metaspace       used 16917K, capacity 17269K, committed 17536K, reserved 532480K
  class space    used 1975K, capacity 2102K, committed 2176K, reserved 516096K
}
Event: 2.006 GC heap after
{Heap after GC invocations=2 (full 0):
 garbage-first heap   total 131072K, used 16218K [0x0000000080000000, 0x0000000100000000)
  region size 1024K, 10 young (10240K), 10 survivors (10240K)
 Metaspace       used 16917K, capacity 17269K, committed 17536K, reserved 532480K
  class space    used 1975K, capacity 2102K, committed 2176K, reserved 516096K
}
Event: 2.197 GC heap before
{Heap before GC invocations=2 (full 0):
 garbage-first heap   total 131072K, used 32602K [0x0000000080000000, 0x0000000100000000)
  region size 1024K, 26 young (26624K), 10 survivors (10240K)
 Metaspace       used 18835K, capacity 19129K, committed 19328K, reserved 534528K
  class space    used 2257K, capacity 2384K, committed 2432K, reserved 516096K
}
Event: 2.206 GC heap after
{Heap after GC invocations=3 (full 0):
 garbage-first heap   total 131072K, used 16609K [0x0000000080000000, 0x0000000100000000)
  region size 1024K, 1 young (1024K), 1 survivors (1024K)
 Metaspace       used 18835K, capacity 19129K, committed 19328K, reserved 534528K
  class space    used 2257K, capacity 2384K, committed 2432K, reserved 516096K
}
Event: 2.370 GC heap before
{Heap before GC invocations=3 (full 0):
 garbage-first heap   total 131072K, used 30945K [0x0000000080000000, 0x0000000100000000)
  region size 1024K, 16 young (16384K), 1 survivors (1024K)
 Metaspace       used 20627K, capacity 21085K, committed 21248K, reserved 534528K
  class space    used 2538K, capacity 2700K, committed 2816K, reserved 516096K
}
Event: 2.373 GC heap after
{Heap after GC invocations=4 (full 0):
 garbage-first heap   total 131072K, used 16949K [0x0000000080000000, 0x0000000100000000)
  region size 1024K, 2 young (2048K), 2 survivors (2048K)
 Metaspace       used 20627K, capacity 21085K, committed 21248K, reserved 534528K
  class space    used 2538K, capacity 2700K, committed 2816K, reserved 516096K
}
Event: 2.876 GC heap before
{Heap before GC invocations=5 (full 0):
 garbage-first heap   total 131072K, used 58933K [0x0000000080000000, 0x0000000100000000)
  region size 1024K, 44 young (45056K), 2 survivors (2048K)
 Metaspace       used 24682K, capacity 25324K, committed 25472K, reserved 538624K
  class space    used 3208K, capacity 3415K, committed 3456K, reserved 516096K
}
Event: 2.881 GC heap after
{Heap after GC invocations=6 (full 0):
 garbage-first heap   total 131072K, used 18572K [0x0000000080000000, 0x0000000100000000)
  region size 1024K, 3 young (3072K), 3 survivors (3072K)
 Metaspace       used 24682K, capacity 25324K, committed 25472K, reserved 538624K
  class space    used 3208K, capacity 3415K, committed 3456K, reserved 516096K
}
Event: 3.478 GC heap before
{Heap before GC invocations=6 (full 0):
 garbage-first heap   total 131072K, used 70796K [0x0000000080000000, 0x0000000100000000)
  region size 1024K, 54 young (55296K), 3 survivors (3072K)
 Metaspace       used 29412K, capacity 30158K, committed 30464K, reserved 542720K
  class space    used 3967K, capacity 4249K, committed 4352K, reserved 516096K
}

