# JRE version: Java(TM) SE Runtime Environment 18.9 (11.0.16+11) (build 11.0.16+11-LTS-199)
# Java VM: Java HotSpot(TM) 64-Bit Server VM 18.9 (11.0.16+11-LTS-199, mixed mode, tiered, compressed oops, g1 gc, windows-amd64)
Heap:
 garbage-first heap   total 157696K, used 34325K [0x0000000703000000, 0x0000000800000000)
  region size 1024K, 20 young (20480K), 5 survivors (5120K)
 Metaspace       used 31436K, capacity 32161K, committed 32256K, reserved 544768K
  class space    used 4249K, capacity 4536K, committed 4608K, reserved 516096K
GC Heap History (10 events):
Event: 2.059 GC heap before
{Heap before GC invocations=1 (full 0):
 garbage-first heap   total 131072K, used 82759K [0x0000000703000000, 0x0000000800000000)
  region size 1024K, 76 young (77824K), 2 survivors (2048K)
 Metaspace       used 16923K, capacity 17269K, committed 17536K, reserved 532480K
  class space    used 1975K, capacity 2102K, committed 2176K, reserved 516096K
}
Event: 2.073 GC heap after
{Heap after GC invocations=2 (full 0):
 garbage-first heap   total 131072K, used 15693K [0x0000000703000000, 0x0000000800000000)
  region size 1024K, 10 young (10240K), 10 survivors (10240K)
 Metaspace       used 16923K, capacity 17269K, committed 17536K, reserved 532480K
  class space    used 1975K, capacity 2102K, committed 2176K, reserved 516096K
}
Event: 2.220 GC heap before
{Heap before GC invocations=2 (full 0):
 garbage-first heap   total 131072K, used 30029K [0x0000000703000000, 0x0000000800000000)
  region size 1024K, 24 young (24576K), 10 survivors (10240K)
 Metaspace       used 18491K, capacity 18836K, committed 19072K, reserved 534528K
  class space    used 2213K, capacity 2350K, committed 2432K, reserved 516096K
}
Event: 2.229 GC heap after
{Heap after GC invocations=3 (full 0):
 garbage-first heap   total 131072K, used 16493K [0x0000000703000000, 0x0000000800000000)
  region size 1024K, 1 young (1024K), 1 survivors (1024K)
 Metaspace       used 18491K, capacity 18836K, committed 19072K, reserved 534528K
  class space    used 2213K, capacity 2350K, committed 2432K, reserved 516096K
}
Event: 2.414 GC heap before
{Heap before GC invocations=3 (full 0):
 garbage-first heap   total 131072K, used 33901K [0x0000000703000000, 0x0000000800000000)
  region size 1024K, 19 young (19456K), 1 survivors (1024K)
 Metaspace       used 20645K, capacity 21087K, committed 21248K, reserved 534528K
  class space    used 2544K, capacity 2701K, committed 2816K, reserved 516096K
}
Event: 2.418 GC heap after
{Heap after GC invocations=4 (full 0):
 garbage-first heap   total 131072K, used 16923K [0x0000000703000000, 0x0000000800000000)
  region size 1024K, 2 young (2048K), 2 survivors (2048K)
 Metaspace       used 20645K, capacity 21087K, committed 21248K, reserved 534528K
  class space    used 2544K, capacity 2701K, committed 2816K, reserved 516096K
}
Event: 2.888 GC heap before
{Heap before GC invocations=5 (full 0):
 garbage-first heap   total 131072K, used 58907K [0x0000000703000000, 0x0000000800000000)
  region size 1024K, 43 young (44032K), 2 survivors (2048K)
 Metaspace       used 24622K, capacity 25192K, committed 25472K, reserved 538624K
  class space    used 3196K, capacity 3413K, committed 3456K, reserved 516096K
}
Event: 2.896 GC heap after
{Heap after GC invocations=6 (full 0):
 garbage-first heap   total 131072K, used 18419K [0x0000000703000000, 0x0000000800000000)
  region size 1024K, 3 young (3072K), 3 survivors (3072K)
 Metaspace       used 24622K, capacity 25192K, committed 25472K, reserved 538624K
  class space    used 3196K, capacity 3413K, committed 3456K, reserved 516096K
}
Event: 3.467 GC heap before
{Heap before GC invocations=6 (full 0):
 garbage-first heap   total 131072K, used 70643K [0x0000000703000000, 0x0000000800000000)
  region size 1024K, 54 young (55296K), 3 survivors (3072K)
 Metaspace       used 29390K, capacity 30094K, committed 30208K, reserved 542720K
  class space    used 3965K, capacity 4249K, committed 4352K, reserved 516096K
}
Event: 3.474 GC heap after
{Heap after GC invocations=7 (full 0):
 garbage-first heap   total 157696K, used 19989K [0x0000000703000000, 0x0000000800000000)
  region size 1024K, 5 young (5120K), 5 survivors (5120K)
 Metaspace       used 29390K, capacity 30094K, committed 30208K, reserved 542720K
  class space    used 3965K, capacity 4249K, committed 4352K, reserved 516096K
}

