# JRE version: Java(TM) SE Runtime Environment 18.9 (11.0.16+11) (build 11.0.16+11-LTS-199)
# Java VM: Java HotSpot(TM) 64-Bit Server VM 18.9 (11.0.16+11-LTS-199, mixed mode, tiered, compressed oops, g1 gc, windows-amd64)
Heap:
 garbage-first heap   total 157696K, used 28716K [0x0000000703000000, 0x0000000800000000)
  region size 1024K, 16 young (16384K), 4 survivors (4096K)
 Metaspace       used 21664K, capacity 22197K, committed 22400K, reserved 536576K
  class space    used 2728K, capacity 2902K, committed 2944K, reserved 516096K
GC Heap History (10 events):
Event: 0.460 GC heap before
{Heap before GC invocations=0 (full 0):
 garbage-first heap   total 131072K, used 17408K [0x0000000703000000, 0x0000000800000000)
  region size 1024K, 14 young (14336K), 0 survivors (0K)
 Metaspace       used 6655K, capacity 6868K, committed 7168K, reserved 524288K
  class space    used 576K, capacity 650K, committed 768K, reserved 516096K
}
Event: 0.464 GC heap after
{Heap after GC invocations=1 (full 0):
 garbage-first heap   total 131072K, used 4115K [0x0000000703000000, 0x0000000800000000)
  region size 1024K, 2 young (2048K), 2 survivors (2048K)
 Metaspace       used 6655K, capacity 6868K, committed 7168K, reserved 524288K
  class space    used 576K, capacity 650K, committed 768K, reserved 516096K
}
Event: 0.706 GC heap before
{Heap before GC invocations=1 (full 0):
 garbage-first heap   total 131072K, used 17427K [0x0000000703000000, 0x0000000800000000)
  region size 1024K, 13 young (13312K), 2 survivors (2048K)
 Metaspace       used 9658K, capacity 9899K, committed 10112K, reserved 526336K
  class space    used 1006K, capacity 1069K, committed 1152K, reserved 516096K
}
Event: 0.710 GC heap after
{Heap after GC invocations=2 (full 0):
 garbage-first heap   total 131072K, used 9394K [0x0000000703000000, 0x0000000800000000)
  region size 1024K, 2 young (2048K), 2 survivors (2048K)
 Metaspace       used 9658K, capacity 9899K, committed 10112K, reserved 526336K
  class space    used 1006K, capacity 1069K, committed 1152K, reserved 516096K
}
Event: 1.290 GC heap before
{Heap before GC invocations=2 (full 0):
 garbage-first heap   total 131072K, used 43186K [0x0000000703000000, 0x0000000800000000)
  region size 1024K, 34 young (34816K), 2 survivors (2048K)
 Metaspace       used 10783K, capacity 11015K, committed 11264K, reserved 526336K
  class space    used 1118K, capacity 1207K, committed 1280K, reserved 516096K
}
Event: 1.295 GC heap after
{Heap after GC invocations=3 (full 0):
 garbage-first heap   total 131072K, used 13945K [0x0000000703000000, 0x0000000800000000)
  region size 1024K, 5 young (5120K), 5 survivors (5120K)
 Metaspace       used 10783K, capacity 11015K, committed 11264K, reserved 526336K
  class space    used 1118K, capacity 1207K, committed 1280K, reserved 516096K
}
Event: 2.225 GC heap before
{Heap before GC invocations=3 (full 0):
 garbage-first heap   total 131072K, used 59001K [0x0000000703000000, 0x0000000800000000)
  region size 1024K, 49 young (50176K), 5 survivors (5120K)
 Metaspace       used 18430K, capacity 18766K, committed 19072K, reserved 534528K
  class space    used 2198K, capacity 2348K, committed 2432K, reserved 516096K
}
Event: 2.234 GC heap after
{Heap after GC invocations=4 (full 0):
 garbage-first heap   total 131072K, used 16907K [0x0000000703000000, 0x0000000800000000)
  region size 1024K, 7 young (7168K), 7 survivors (7168K)
 Metaspace       used 18430K, capacity 18766K, committed 19072K, reserved 534528K
  class space    used 2198K, capacity 2348K, committed 2432K, reserved 516096K
}
Event: 2.436 GC heap before
{Heap before GC invocations=4 (full 0):
 garbage-first heap   total 131072K, used 34315K [0x0000000703000000, 0x0000000800000000)
  region size 1024K, 25 young (25600K), 7 survivors (7168K)
 Metaspace       used 20631K, capacity 21085K, committed 21248K, reserved 534528K
  class space    used 2538K, capacity 2700K, committed 2816K, reserved 516096K
}
Event: 2.445 GC heap after
{Heap after GC invocations=5 (full 0):
 garbage-first heap   total 157696K, used 17452K [0x0000000703000000, 0x0000000800000000)
  region size 1024K, 4 young (4096K), 4 survivors (4096K)
 Metaspace       used 20631K, capacity 21085K, committed 21248K, reserved 534528K
  class space    used 2538K, capacity 2700K, committed 2816K, reserved 516096K
}

