# JRE version: Java(TM) SE Runtime Environment 18.9 (11.0.16+11) (build 11.0.16+11-LTS-199)
# Java VM: Java HotSpot(TM) 64-Bit Server VM 18.9 (11.0.16+11-LTS-199, mixed mode, tiered, compressed oops, g1 gc, windows-amd64)
Heap:
 garbage-first heap   total 342016K, used 182874K [0x0000000080000000, 0x0000000100000000)
  region size 1024K, 6 young (6144K), 6 survivors (6144K)
 Metaspace       used 117538K, capacity 122099K, committed 122360K, reserved 622592K
  class space    used 15417K, capacity 17115K, committed 17152K, reserved 516096K
GC Heap History (10 events):
Event: 51.633 GC heap after
{Heap after GC invocations=52 (full 0):
 garbage-first heap   total 284672K, used 155533K [0x0000000080000000, 0x0000000100000000)
  region size 1024K, 6 young (6144K), 6 survivors (6144K)
 Metaspace       used 111840K, capacity 116220K, committed 116472K, reserved 616448K
  class space    used 14738K, capacity 16348K, committed 16384K, reserved 516096K
}
Event: 53.451 GC heap before
{Heap before GC invocations=52 (full 0):
 garbage-first heap   total 284672K, used 210829K [0x0000000080000000, 0x0000000100000000)
  region size 1024K, 60 young (61440K), 6 survivors (6144K)
 Metaspace       used 112522K, capacity 116917K, committed 117112K, reserved 618496K
  class space    used 14819K, capacity 16467K, committed 16512K, reserved 516096K
}
Event: 53.475 GC heap after
{Heap after GC invocations=53 (full 0):
 garbage-first heap   total 284672K, used 163840K [0x0000000080000000, 0x0000000100000000)
  region size 1024K, 8 young (8192K), 8 survivors (8192K)
 Metaspace       used 112522K, capacity 116917K, committed 117112K, reserved 618496K
  class space    used 14819K, capacity 16467K, committed 16512K, reserved 516096K
}
Event: 54.266 GC heap before
{Heap before GC invocations=53 (full 0):
 garbage-first heap   total 284672K, used 217088K [0x0000000080000000, 0x0000000100000000)
  region size 1024K, 61 young (62464K), 8 survivors (8192K)
 Metaspace       used 113651K, capacity 118052K, committed 118264K, reserved 618496K
  class space    used 14950K, capacity 16599K, committed 16640K, reserved 516096K
}
Event: 54.298 GC heap after
{Heap after GC invocations=54 (full 0):
 garbage-first heap   total 284672K, used 170635K [0x0000000080000000, 0x0000000100000000)
  region size 1024K, 7 young (7168K), 7 survivors (7168K)
 Metaspace       used 113651K, capacity 118052K, committed 118264K, reserved 618496K
  class space    used 14950K, capacity 16599K, committed 16640K, reserved 516096K
}
Event: 55.027 GC heap before
{Heap before GC invocations=54 (full 0):
 garbage-first heap   total 284672K, used 221835K [0x0000000080000000, 0x0000000100000000)
  region size 1024K, 58 young (59392K), 7 survivors (7168K)
 Metaspace       used 115712K, capacity 120223K, committed 120440K, reserved 620544K
  class space    used 15229K, capacity 16920K, committed 17024K, reserved 516096K
}
Event: 55.040 GC heap after
{Heap after GC invocations=55 (full 0):
 garbage-first heap   total 284672K, used 174359K [0x0000000080000000, 0x0000000100000000)
  region size 1024K, 4 young (4096K), 4 survivors (4096K)
 Metaspace       used 115712K, capacity 120223K, committed 120440K, reserved 620544K
  class space    used 15229K, capacity 16920K, committed 17024K, reserved 516096K
}
Event: 55.833 GC heap before
{Heap before GC invocations=55 (full 0):
 garbage-first heap   total 284672K, used 226583K [0x0000000080000000, 0x0000000100000000)
  region size 1024K, 56 young (57344K), 4 survivors (4096K)
 Metaspace       used 117441K, capacity 122023K, committed 122104K, reserved 622592K
  class space    used 15406K, capacity 17112K, committed 17152K, reserved 516096K
}
Event: 55.851 GC heap after
{Heap after GC invocations=56 (full 0):
 garbage-first heap   total 284672K, used 178817K [0x0000000080000000, 0x0000000100000000)
  region size 1024K, 7 young (7168K), 7 survivors (7168K)
 Metaspace       used 117441K, capacity 122023K, committed 122104K, reserved 622592K
  class space    used 15406K, capacity 17112K, committed 17152K, reserved 516096K
}
Event: 56.348 GC heap before
{Heap before GC invocations=56 (full 0):
 garbage-first heap   total 284672K, used 232065K [0x0000000080000000, 0x0000000100000000)
  region size 1024K, 59 young (60416K), 7 survivors (7168K)
 Metaspace       used 117538K, capacity 122099K, committed 122360K, reserved 622592K
  class space    used 15417K, capacity 17115K, committed 17152K, reserved 516096K
}

