# JRE version: Java(TM) SE Runtime Environment 18.9 (11.0.16+11) (build 11.0.16+11-LTS-199)
# Java VM: Java HotSpot(TM) 64-Bit Server VM 18.9 (11.0.16+11-LTS-199, mixed mode, tiered, compressed oops, g1 gc, windows-amd64)
Heap:
 garbage-first heap   total 157696K, used 19395K [0x0000000703000000, 0x0000000800000000)
  region size 1024K, 6 young (6144K), 6 survivors (6144K)
 Metaspace       used 26114K, capacity 26737K, committed 27008K, reserved 540672K
  class space    used 3422K, capacity 3638K, committed 3712K, reserved 516096K
GC Heap History (9 events):
Event: 0.432 GC heap before
{Heap before GC invocations=0 (full 0):
 garbage-first heap   total 131072K, used 17408K [0x0000000703000000, 0x0000000800000000)
  region size 1024K, 14 young (14336K), 0 survivors (0K)
 Metaspace       used 6649K, capacity 6868K, committed 7168K, reserved 524288K
  class space    used 576K, capacity 650K, committed 768K, reserved 516096K
}
Event: 0.436 GC heap after
{Heap after GC invocations=1 (full 0):
 garbage-first heap   total 131072K, used 4336K [0x0000000703000000, 0x0000000800000000)
  region size 1024K, 2 young (2048K), 2 survivors (2048K)
 Metaspace       used 6649K, capacity 6868K, committed 7168K, reserved 524288K
  class space    used 576K, capacity 650K, committed 768K, reserved 516096K
}
Event: 1.248 GC heap before
{Heap before GC invocations=1 (full 0):
 garbage-first heap   total 131072K, used 53488K [0x0000000703000000, 0x0000000800000000)
  region size 1024K, 47 young (48128K), 2 survivors (2048K)
 Metaspace       used 10778K, capacity 11015K, committed 11264K, reserved 526336K
  class space    used 1118K, capacity 1207K, committed 1280K, reserved 516096K
}
Event: 1.256 GC heap after
{Heap after GC invocations=2 (full 0):
 garbage-first heap   total 131072K, used 14113K [0x0000000703000000, 0x0000000800000000)
  region size 1024K, 6 young (6144K), 6 survivors (6144K)
 Metaspace       used 10778K, capacity 11015K, committed 11264K, reserved 526336K
  class space    used 1118K, capacity 1207K, committed 1280K, reserved 516096K
}
Event: 2.103 GC heap before
{Heap before GC invocations=2 (full 0):
 garbage-first heap   total 131072K, used 49953K [0x0000000703000000, 0x0000000800000000)
  region size 1024K, 41 young (41984K), 6 survivors (6144K)
 Metaspace       used 17375K, capacity 17743K, committed 17792K, reserved 532480K
  class space    used 2065K, capacity 2176K, committed 2176K, reserved 516096K
}
Event: 2.111 GC heap after
{Heap after GC invocations=3 (full 0):
 garbage-first heap   total 131072K, used 16774K [0x0000000703000000, 0x0000000800000000)
  region size 1024K, 3 young (3072K), 3 survivors (3072K)
 Metaspace       used 17375K, capacity 17743K, committed 17792K, reserved 532480K
  class space    used 2065K, capacity 2176K, committed 2176K, reserved 516096K
}
Event: 2.390 GC heap before
{Heap before GC invocations=3 (full 0):
 garbage-first heap   total 131072K, used 41350K [0x0000000703000000, 0x0000000800000000)
  region size 1024K, 28 young (28672K), 3 survivors (3072K)
 Metaspace       used 20627K, capacity 21087K, committed 21248K, reserved 534528K
  class space    used 2541K, capacity 2701K, committed 2816K, reserved 516096K
}
Event: 2.396 GC heap after
{Heap after GC invocations=4 (full 0):
 garbage-first heap   total 131072K, used 17622K [0x0000000703000000, 0x0000000800000000)
  region size 1024K, 4 young (4096K), 4 survivors (4096K)
 Metaspace       used 20627K, capacity 21087K, committed 21248K, reserved 534528K
  class space    used 2541K, capacity 2701K, committed 2816K, reserved 516096K
}
Event: 3.036 GC heap before
{Heap before GC invocations=5 (full 0):
 garbage-first heap   total 131072K, used 70870K [0x0000000703000000, 0x0000000800000000)
  region size 1024K, 56 young (57344K), 4 survivors (4096K)
 Metaspace       used 26114K, capacity 26737K, committed 27008K, reserved 540672K
  class space    used 3422K, capacity 3638K, committed 3712K, reserved 516096K
}

