# JRE version: Java(TM) SE Runtime Environment 18.9 (11.0.16+11) (build 11.0.16+11-LTS-199)
# Java VM: Java HotSpot(TM) 64-Bit Server VM 18.9 (11.0.16+11-LTS-199, mixed mode, tiered, compressed oops, g1 gc, windows-amd64)
Heap:
 garbage-first heap   total 261120K, used 149163K [0x0000000080000000, 0x0000000100000000)
  region size 1024K, 68 young (69632K), 6 survivors (6144K)
 Metaspace       used 75103K, capacity 75942K, committed 76168K, reserved 1118208K
  class space    used 8123K, capacity 8495K, committed 8576K, reserved 1048576K
GC Heap History (10 events):
Event: 6.965 GC heap before
{Heap before GC invocations=11 (full 0):
 garbage-first heap   total 161792K, used 101362K [0x0000000080000000, 0x0000000100000000)
  region size 1024K, 53 young (54272K), 4 survivors (4096K)
 Metaspace       used 60231K, capacity 60930K, committed 61192K, reserved 1103872K
  class space    used 6979K, capacity 7305K, committed 7424K, reserved 1048576K
}
Event: 6.991 GC heap after
{Heap after GC invocations=12 (full 0):
 garbage-first heap   total 209920K, used 58880K [0x0000000080000000, 0x0000000100000000)
  region size 1024K, 7 young (7168K), 7 survivors (7168K)
 Metaspace       used 60231K, capacity 60930K, committed 61192K, reserved 1103872K
  class space    used 6979K, capacity 7305K, committed 7424K, reserved 1048576K
}
Event: 7.566 GC heap before
{Heap before GC invocations=12 (full 0):
 garbage-first heap   total 209920K, used 131584K [0x0000000080000000, 0x0000000100000000)
  region size 1024K, 78 young (79872K), 7 survivors (7168K)
 Metaspace       used 61665K, capacity 62474K, committed 62600K, reserved 1103872K
  class space    used 7112K, capacity 7456K, committed 7552K, reserved 1048576K
}
Event: 7.604 GC heap after
{Heap after GC invocations=13 (full 0):
 garbage-first heap   total 209920K, used 62522K [0x0000000080000000, 0x0000000100000000)
  region size 1024K, 4 young (4096K), 4 survivors (4096K)
 Metaspace       used 61665K, capacity 62474K, committed 62600K, reserved 1103872K
  class space    used 7112K, capacity 7456K, committed 7552K, reserved 1048576K
}
Event: 9.671 GC heap before
{Heap before GC invocations=13 (full 0):
 garbage-first heap   total 209920K, used 137274K [0x0000000080000000, 0x0000000100000000)
  region size 1024K, 76 young (77824K), 4 survivors (4096K)
 Metaspace       used 67047K, capacity 67845K, committed 68104K, reserved 1110016K
  class space    used 7553K, capacity 7913K, committed 7936K, reserved 1048576K
}
Event: 9.692 GC heap after
{Heap after GC invocations=14 (full 0):
 garbage-first heap   total 209920K, used 71651K [0x0000000080000000, 0x0000000100000000)
  region size 1024K, 10 young (10240K), 10 survivors (10240K)
 Metaspace       used 67047K, capacity 67845K, committed 68104K, reserved 1110016K
  class space    used 7553K, capacity 7913K, committed 7936K, reserved 1048576K
}
Event: 11.355 GC heap before
{Heap before GC invocations=14 (full 0):
 garbage-first heap   total 209920K, used 147427K [0x0000000080000000, 0x0000000100000000)
  region size 1024K, 82 young (83968K), 10 survivors (10240K)
 Metaspace       used 68141K, capacity 69007K, committed 69256K, reserved 1110016K
  class space    used 7577K, capacity 7951K, committed 8064K, reserved 1048576K
}
Event: 11.382 GC heap after
{Heap after GC invocations=15 (full 0):
 garbage-first heap   total 209920K, used 81030K [0x0000000080000000, 0x0000000100000000)
  region size 1024K, 7 young (7168K), 7 survivors (7168K)
 Metaspace       used 68141K, capacity 69007K, committed 69256K, reserved 1110016K
  class space    used 7577K, capacity 7951K, committed 8064K, reserved 1048576K
}
Event: 12.763 GC heap before
{Heap before GC invocations=15 (full 0):
 garbage-first heap   total 209920K, used 152710K [0x0000000080000000, 0x0000000100000000)
  region size 1024K, 77 young (78848K), 7 survivors (7168K)
 Metaspace       used 69245K, capacity 70085K, committed 70280K, reserved 1112064K
  class space    used 7623K, capacity 7988K, committed 8064K, reserved 1048576K
}
Event: 12.784 GC heap after
{Heap after GC invocations=16 (full 0):
 garbage-first heap   total 261120K, used 86699K [0x0000000080000000, 0x0000000100000000)
  region size 1024K, 6 young (6144K), 6 survivors (6144K)
 Metaspace       used 69245K, capacity 70085K, committed 70280K, reserved 1112064K
  class space    used 7623K, capacity 7988K, committed 8064K, reserved 1048576K
}

