# JRE version: Java(TM) SE Runtime Environment 18.9 (11.0.16+11) (build 11.0.16+11-LTS-199)
# Java VM: Java HotSpot(TM) 64-Bit Server VM 18.9 (11.0.16+11-LTS-199, mixed mode, tiered, compressed oops, g1 gc, windows-amd64)
Heap:
 garbage-first heap   total 157696K, used 17813K [0x0000000703000000, 0x0000000800000000)
  region size 1024K, 5 young (5120K), 5 survivors (5120K)
 Metaspace       used 20643K, capacity 21085K, committed 21248K, reserved 534528K
  class space    used 2540K, capacity 2700K, committed 2816K, reserved 516096K
GC Heap History (9 events):
Event: 0.486 GC heap before
{Heap before GC invocations=0 (full 0):
 garbage-first heap   total 131072K, used 17408K [0x0000000703000000, 0x0000000800000000)
  region size 1024K, 14 young (14336K), 0 survivors (0K)
 Metaspace       used 6652K, capacity 6868K, committed 7168K, reserved 524288K
  class space    used 576K, capacity 650K, committed 768K, reserved 516096K
}
Event: 0.492 GC heap after
{Heap after GC invocations=1 (full 0):
 garbage-first heap   total 131072K, used 3746K [0x0000000703000000, 0x0000000800000000)
  region size 1024K, 2 young (2048K), 2 survivors (2048K)
 Metaspace       used 6652K, capacity 6868K, committed 7168K, reserved 524288K
  class space    used 576K, capacity 650K, committed 768K, reserved 516096K
}
Event: 0.767 GC heap before
{Heap before GC invocations=1 (full 0):
 garbage-first heap   total 131072K, used 18082K [0x0000000703000000, 0x0000000800000000)
  region size 1024K, 14 young (14336K), 2 survivors (2048K)
 Metaspace       used 9748K, capacity 9997K, committed 10112K, reserved 526336K
  class space    used 1015K, capacity 1102K, committed 1152K, reserved 516096K
}
Event: 0.772 GC heap after
{Heap after GC invocations=2 (full 0):
 garbage-first heap   total 131072K, used 9491K [0x0000000703000000, 0x0000000800000000)
  region size 1024K, 2 young (2048K), 2 survivors (2048K)
 Metaspace       used 9748K, capacity 9997K, committed 10112K, reserved 526336K
  class space    used 1015K, capacity 1102K, committed 1152K, reserved 516096K
}
Event: 1.202 GC heap before
{Heap before GC invocations=2 (full 0):
 garbage-first heap   total 131072K, used 37139K [0x0000000703000000, 0x0000000800000000)
  region size 1024K, 29 young (29696K), 2 survivors (2048K)
 Metaspace       used 10748K, capacity 11015K, committed 11264K, reserved 526336K
  class space    used 1116K, capacity 1207K, committed 1280K, reserved 516096K
}
Event: 1.207 GC heap after
{Heap after GC invocations=3 (full 0):
 garbage-first heap   total 131072K, used 12387K [0x0000000703000000, 0x0000000800000000)
  region size 1024K, 4 young (4096K), 4 survivors (4096K)
 Metaspace       used 10748K, capacity 11015K, committed 11264K, reserved 526336K
  class space    used 1116K, capacity 1207K, committed 1280K, reserved 516096K
}
Event: 2.071 GC heap before
{Heap before GC invocations=3 (full 0):
 garbage-first heap   total 131072K, used 53347K [0x0000000703000000, 0x0000000800000000)
  region size 1024K, 44 young (45056K), 4 survivors (4096K)
 Metaspace       used 17347K, capacity 17679K, committed 17792K, reserved 532480K
  class space    used 2058K, capacity 2176K, committed 2176K, reserved 516096K
}
Event: 2.080 GC heap after
{Heap after GC invocations=4 (full 0):
 garbage-first heap   total 131072K, used 16710K [0x0000000703000000, 0x0000000800000000)
  region size 1024K, 6 young (6144K), 6 survivors (6144K)
 Metaspace       used 17347K, capacity 17679K, committed 17792K, reserved 532480K
  class space    used 2058K, capacity 2176K, committed 2176K, reserved 516096K
}
Event: 2.347 GC heap before
{Heap before GC invocations=4 (full 0):
 garbage-first heap   total 131072K, used 41286K [0x0000000703000000, 0x0000000800000000)
  region size 1024K, 31 young (31744K), 6 survivors (6144K)
 Metaspace       used 20643K, capacity 21085K, committed 21248K, reserved 534528K
  class space    used 2540K, capacity 2700K, committed 2816K, reserved 516096K
}

