# JRE version: Java(TM) SE Runtime Environment 18.9 (11.0.16+11) (build 11.0.16+11-LTS-199)
# Java VM: Java HotSpot(TM) 64-Bit Server VM 18.9 (11.0.16+11-LTS-199, mixed mode, tiered, compressed oops, g1 gc, windows-amd64)
Heap:
 garbage-first heap   total 189440K, used 82972K [0x0000000080000000, 0x0000000100000000)
  region size 1024K, 35 young (35840K), 13 survivors (13312K)
 Metaspace       used 71268K, capacity 73584K, committed 73676K, reserved 1112064K
  class space    used 9496K, capacity 10478K, committed 10496K, reserved 1048576K
GC Heap History (10 events):
Event: 11.914 GC heap before
{Heap before GC invocations=11 (full 0):
 garbage-first heap   total 157696K, used 107667K [0x0000000080000000, 0x0000000100000000)
  region size 1024K, 75 young (76800K), 4 survivors (4096K)
 Metaspace       used 49480K, capacity 50862K, committed 50944K, reserved 1093632K
  class space    used 6488K, capacity 7096K, committed 7168K, reserved 1048576K
}
Event: 11.924 GC heap after
{Heap after GC invocations=12 (full 0):
 garbage-first heap   total 189440K, used 37865K [0x0000000080000000, 0x0000000100000000)
  region size 1024K, 7 young (7168K), 7 survivors (7168K)
 Metaspace       used 49480K, capacity 50862K, committed 50944K, reserved 1093632K
  class space    used 6488K, capacity 7096K, committed 7168K, reserved 1048576K
}
Event: 13.164 GC heap before
{Heap before GC invocations=12 (full 0):
 garbage-first heap   total 189440K, used 125929K [0x0000000080000000, 0x0000000100000000)
  region size 1024K, 93 young (95232K), 7 survivors (7168K)
 Metaspace       used 57829K, capacity 59482K, committed 59648K, reserved 1099776K
  class space    used 7694K, capacity 8380K, committed 8448K, reserved 1048576K
}
Event: 13.177 GC heap after
{Heap after GC invocations=13 (full 0):
 garbage-first heap   total 189440K, used 41548K [0x0000000080000000, 0x0000000100000000)
  region size 1024K, 8 young (8192K), 8 survivors (8192K)
 Metaspace       used 57829K, capacity 59482K, committed 59648K, reserved 1099776K
  class space    used 7694K, capacity 8380K, committed 8448K, reserved 1048576K
}
Event: 13.256 GC heap before
{Heap before GC invocations=13 (full 0):
 garbage-first heap   total 189440K, used 51788K [0x0000000080000000, 0x0000000100000000)
  region size 1024K, 19 young (19456K), 8 survivors (8192K)
 Metaspace       used 58513K, capacity 60122K, committed 60160K, reserved 1101824K
  class space    used 7782K, capacity 8444K, committed 8448K, reserved 1048576K
}
Event: 13.266 GC heap after
{Heap after GC invocations=14 (full 0):
 garbage-first heap   total 189440K, used 41932K [0x0000000080000000, 0x0000000100000000)
  region size 1024K, 4 young (4096K), 4 survivors (4096K)
 Metaspace       used 58513K, capacity 60122K, committed 60160K, reserved 1101824K
  class space    used 7782K, capacity 8444K, committed 8448K, reserved 1048576K
}
Event: 14.344 GC heap before
{Heap before GC invocations=15 (full 0):
 garbage-first heap   total 189440K, used 137164K [0x0000000080000000, 0x0000000100000000)
  region size 1024K, 97 young (99328K), 4 survivors (4096K)
 Metaspace       used 64347K, capacity 66273K, committed 66508K, reserved 1105920K
  class space    used 8592K, capacity 9413K, committed 9472K, reserved 1048576K
}
Event: 14.360 GC heap after
{Heap after GC invocations=16 (full 0):
 garbage-first heap   total 189440K, used 45647K [0x0000000080000000, 0x0000000100000000)
  region size 1024K, 8 young (8192K), 8 survivors (8192K)
 Metaspace       used 64347K, capacity 66273K, committed 66508K, reserved 1105920K
  class space    used 8592K, capacity 9413K, committed 9472K, reserved 1048576K
}
Event: 15.992 GC heap before
{Heap before GC invocations=17 (full 0):
 garbage-first heap   total 189440K, used 144975K [0x0000000080000000, 0x0000000100000000)
  region size 1024K, 102 young (104448K), 8 survivors (8192K)
 Metaspace       used 69321K, capacity 71474K, committed 71500K, reserved 1110016K
  class space    used 9234K, capacity 10102K, committed 10112K, reserved 1048576K
}
Event: 16.013 GC heap after
{Heap after GC invocations=18 (full 0):
 garbage-first heap   total 189440K, used 61468K [0x0000000080000000, 0x0000000100000000)
  region size 1024K, 13 young (13312K), 13 survivors (13312K)
 Metaspace       used 69321K, capacity 71474K, committed 71500K, reserved 1110016K
  class space    used 9234K, capacity 10102K, committed 10112K, reserved 1048576K
}

