# JRE version: Java(TM) SE Runtime Environment 18.9 (11.0.16+11) (build 11.0.16+11-LTS-199)
# Java VM: Java HotSpot(TM) 64-Bit Server VM 18.9 (11.0.16+11-LTS-199, mixed mode, tiered, compressed oops, g1 gc, windows-amd64)
Heap:
 garbage-first heap   total 227328K, used 190014K [0x0000000080000000, 0x0000000100000000)
  region size 1024K, 36 young (36864K), 5 survivors (5120K)
 Metaspace       used 116395K, capacity 120828K, committed 121164K, reserved 620544K
  class space    used 15255K, capacity 16907K, committed 17024K, reserved 516096K
GC Heap History (10 events):
Event: 42.353 GC heap before
{Heap before GC invocations=36 (full 0):
 garbage-first heap   total 227328K, used 155735K [0x0000000080000000, 0x0000000100000000)
  region size 1024K, 11 young (11264K), 4 survivors (4096K)
 Metaspace       used 110716K, capacity 115009K, committed 115276K, reserved 616448K
  class space    used 14628K, capacity 16225K, committed 16256K, reserved 516096K
}
Event: 42.362 GC heap after
{Heap after GC invocations=37 (full 0):
 garbage-first heap   total 227328K, used 149807K [0x0000000080000000, 0x0000000100000000)
  region size 1024K, 1 young (1024K), 1 survivors (1024K)
 Metaspace       used 110716K, capacity 115009K, committed 115276K, reserved 616448K
  class space    used 14628K, capacity 16225K, committed 16256K, reserved 516096K
}
Event: 43.184 GC heap before
{Heap before GC invocations=37 (full 0):
 garbage-first heap   total 227328K, used 192815K [0x0000000080000000, 0x0000000100000000)
  region size 1024K, 42 young (43008K), 1 survivors (1024K)
 Metaspace       used 115411K, capacity 119844K, committed 120012K, reserved 620544K
  class space    used 15188K, capacity 16853K, committed 16896K, reserved 516096K
}
Event: 43.193 GC heap after
{Heap after GC invocations=38 (full 0):
 garbage-first heap   total 227328K, used 152077K [0x0000000080000000, 0x0000000100000000)
  region size 1024K, 3 young (3072K), 3 survivors (3072K)
 Metaspace       used 115411K, capacity 119844K, committed 120012K, reserved 620544K
  class space    used 15188K, capacity 16853K, committed 16896K, reserved 516096K
}
Event: 45.174 GC heap before
{Heap before GC invocations=39 (full 0):
 garbage-first heap   total 227328K, used 193037K [0x0000000080000000, 0x0000000100000000)
  region size 1024K, 43 young (44032K), 3 survivors (3072K)
 Metaspace       used 115454K, capacity 119907K, committed 120012K, reserved 620544K
  class space    used 15191K, capacity 16852K, committed 16896K, reserved 516096K
}
Event: 45.192 GC heap after
{Heap after GC invocations=40 (full 0):
 garbage-first heap   total 227328K, used 157871K [0x0000000080000000, 0x0000000100000000)
  region size 1024K, 6 young (6144K), 6 survivors (6144K)
 Metaspace       used 115454K, capacity 119907K, committed 120012K, reserved 620544K
  class space    used 15191K, capacity 16852K, committed 16896K, reserved 516096K
}
Event: 45.400 GC heap before
{Heap before GC invocations=40 (full 0):
 garbage-first heap   total 227328K, used 162991K [0x0000000080000000, 0x0000000100000000)
  region size 1024K, 11 young (11264K), 6 survivors (6144K)
 Metaspace       used 115454K, capacity 119907K, committed 120012K, reserved 620544K
  class space    used 15191K, capacity 16852K, committed 16896K, reserved 516096K
}
Event: 45.418 GC heap after
{Heap after GC invocations=41 (full 0):
 garbage-first heap   total 227328K, used 157133K [0x0000000080000000, 0x0000000100000000)
  region size 1024K, 2 young (2048K), 2 survivors (2048K)
 Metaspace       used 115454K, capacity 119907K, committed 120012K, reserved 620544K
  class space    used 15191K, capacity 16852K, committed 16896K, reserved 516096K
}
Event: 45.928 GC heap before
{Heap before GC invocations=41 (full 0):
 garbage-first heap   total 227328K, used 189901K [0x0000000080000000, 0x0000000100000000)
  region size 1024K, 35 young (35840K), 2 survivors (2048K)
 Metaspace       used 115681K, capacity 120139K, committed 120268K, reserved 620544K
  class space    used 15195K, capacity 16854K, committed 16896K, reserved 516096K
}
Event: 45.941 GC heap after
{Heap after GC invocations=42 (full 0):
 garbage-first heap   total 227328K, used 160318K [0x0000000080000000, 0x0000000100000000)
  region size 1024K, 5 young (5120K), 5 survivors (5120K)
 Metaspace       used 115681K, capacity 120139K, committed 120268K, reserved 620544K
  class space    used 15195K, capacity 16854K, committed 16896K, reserved 516096K
}

