# JRE version: Java(TM) SE Runtime Environment 18.9 (11.0.16+11) (build 11.0.16+11-LTS-199)
# Java VM: Java HotSpot(TM) 64-Bit Server VM 18.9 (11.0.16+11-LTS-199, mixed mode, tiered, compressed oops, g1 gc, windows-amd64)
Heap:
 garbage-first heap   total 284672K, used 116626K [0x00000004d5a00000, 0x00000005d5200000)
  region size 1024K, 12 young (12288K), 12 survivors (12288K)
 Metaspace       used 97697K, capacity 101388K, committed 101580K, reserved 604160K
  class space    used 13110K, capacity 14559K, committed 14592K, reserved 516096K
GC Heap History (10 events):
Event: 13.957 GC heap after
{Heap after GC invocations=17 (full 0):
 garbage-first heap   total 196608K, used 62679K [0x00000004d5a00000, 0x00000005d5200000)
  region size 1024K, 14 young (14336K), 14 survivors (14336K)
 Metaspace       used 69365K, capacity 71485K, committed 71500K, reserved 577536K
  class space    used 9241K, capacity 10110K, committed 10112K, reserved 516096K
}
Event: 15.153 GC heap before
{Heap before GC invocations=17 (full 0):
 garbage-first heap   total 196608K, used 149719K [0x00000004d5a00000, 0x00000005d5200000)
  region size 1024K, 100 young (102400K), 14 survivors (14336K)
 Metaspace       used 79168K, capacity 81489K, committed 81740K, reserved 587776K
  class space    used 10417K, capacity 11380K, committed 11392K, reserved 516096K
}
Event: 15.175 GC heap after
{Heap after GC invocations=18 (full 0):
 garbage-first heap   total 236544K, used 69382K [0x00000004d5a00000, 0x00000005d5200000)
  region size 1024K, 7 young (7168K), 7 survivors (7168K)
 Metaspace       used 79168K, capacity 81489K, committed 81740K, reserved 587776K
  class space    used 10417K, capacity 11380K, committed 11392K, reserved 516096K
}
Event: 20.147 GC heap before
{Heap before GC invocations=18 (full 0):
 garbage-first heap   total 236544K, used 169734K [0x00000004d5a00000, 0x00000005d5200000)
  region size 1024K, 105 young (107520K), 7 survivors (7168K)
 Metaspace       used 82890K, capacity 85385K, committed 85708K, reserved 589824K
  class space    used 10926K, capacity 11929K, committed 12032K, reserved 516096K
}
Event: 20.166 GC heap after
{Heap after GC invocations=19 (full 0):
 garbage-first heap   total 236544K, used 76381K [0x00000004d5a00000, 0x00000005d5200000)
  region size 1024K, 14 young (14336K), 14 survivors (14336K)
 Metaspace       used 82890K, capacity 85385K, committed 85708K, reserved 589824K
  class space    used 10926K, capacity 11929K, committed 12032K, reserved 516096K
}
Event: 21.470 GC heap before
{Heap before GC invocations=19 (full 0):
 garbage-first heap   total 236544K, used 177757K [0x00000004d5a00000, 0x00000005d5200000)
  region size 1024K, 113 young (115712K), 14 survivors (14336K)
 Metaspace       used 89595K, capacity 92421K, committed 92620K, reserved 595968K
  class space    used 12073K, capacity 13207K, committed 13312K, reserved 516096K
}
Event: 21.499 GC heap after
{Heap after GC invocations=20 (full 0):
 garbage-first heap   total 236544K, used 85764K [0x00000004d5a00000, 0x00000005d5200000)
  region size 1024K, 10 young (10240K), 10 survivors (10240K)
 Metaspace       used 89595K, capacity 92421K, committed 92620K, reserved 595968K
  class space    used 12073K, capacity 13207K, committed 13312K, reserved 516096K
}
Event: 22.435 GC heap before
{Heap before GC invocations=20 (full 0):
 garbage-first heap   total 236544K, used 184068K [0x00000004d5a00000, 0x00000005d5200000)
  region size 1024K, 103 young (105472K), 10 survivors (10240K)
 Metaspace       used 94104K, capacity 97393K, committed 97612K, reserved 600064K
  class space    used 12665K, capacity 13922K, committed 13952K, reserved 516096K
}
Event: 22.461 GC heap after
{Heap after GC invocations=21 (full 0):
 garbage-first heap   total 236544K, used 99250K [0x00000004d5a00000, 0x00000005d5200000)
  region size 1024K, 9 young (9216K), 9 survivors (9216K)
 Metaspace       used 94104K, capacity 97393K, committed 97612K, reserved 600064K
  class space    used 12665K, capacity 13922K, committed 13952K, reserved 516096K
}
Event: 24.698 GC heap before
{Heap before GC invocations=21 (full 0):
 garbage-first heap   total 236544K, used 192434K [0x00000004d5a00000, 0x00000005d5200000)
  region size 1024K, 96 young (98304K), 9 survivors (9216K)
 Metaspace       used 97697K, capacity 101388K, committed 101580K, reserved 604160K
  class space    used 13110K, capacity 14559K, committed 14592K, reserved 516096K
}

